2026-07-09 18:22:17,513 - aqt.main - INFO - installer 32112 aqtinstall(aqt) v3.3.0 on Python 3.14.3 [CPython MSC v.1944 64 bit (AMD64)]
2026-07-09 18:22:43,528 - aqt.main - INFO - installer 8876 aqtinstall(aqt) v3.3.0 on Python 3.14.3 [CPython MSC v.1944 64 bit (AMD64)]
2026-07-09 18:22:43,529 - aqt.helper - DEBUG - helper 8876 Attempt to download checksum at https://download.qt.io/online/qtsdkrepository/windows_x86/desktop/qt6_683/qt6_683/Updates.xml.sha256
2026-07-09 18:22:44,845 - aqt.helper - DEBUG - helper 8876 Attempt to download checksum at https://download.qt.io/online/qtsdkrepository/windows_x86/extensions/qtwebengine/683/msvc2022_64/Updates.xml.sha256
2026-07-09 18:22:46,044 - aqt.archives - INFO - archives 8876 Found extension qtwebengine
2026-07-09 18:22:46,044 - aqt.helper - DEBUG - helper 8876 Attempt to download checksum at https://download.qt.io/online/qtsdkrepository/windows_x86/extensions/qtpdf/683/msvc2022_64/Updates.xml.sha256
2026-07-09 18:22:47,286 - aqt.archives - INFO - archives 8876 Found extension qtpdf
2026-07-09 18:22:47,741 - aqt.helper - DEBUG - helper 28640 Attempt to download checksum at https://download.qt.io/online/qtsdkrepository/windows_x86/desktop/qt6_683/qt6_683/qt.qt6.683.addons.qtlocation.win64_msvc2022_64/6.8.3-0-202503201308qtlocation-Windows-Windows_11_23H2-MSVC2022-Windows-Windows_11_23H2-X86_64.7z.sha256
2026-07-09 18:22:47,742 - aqt.helper - DEBUG - helper 35576 Attempt to download checksum at https://download.qt.io/online/qtsdkrepository/windows_x86/desktop/qt6_683/qt6_683/qt.qt6.683.addons.qt5compat.win64_msvc2022_64/6.8.3-0-202503201308qt5compat-Windows-Windows_11_23H2-MSVC2022-Windows-Windows_11_23H2-X86_64.7z.sha256
2026-07-09 18:22:47,742 - aqt.helper - DEBUG - helper 940 Attempt to download checksum at https://download.qt.io/online/qtsdkrepository/windows_x86/desktop/qt6_683/qt6_683/qt.qt6.683.addons.qtconnectivity.win64_msvc2022_64/6.8.3-0-202503201308qtconnectivity-Windows-Windows_11_23H2-MSVC2022-Windows-Windows_11_23H2-X86_64.7z.sha256
2026-07-09 18:22:47,742 - aqt.helper - DEBUG - helper 19856 Attempt to download checksum at https://download.qt.io/online/qtsdkrepository/windows_x86/desktop/qt6_683/qt6_683/qt.qt6.683.addons.qtpositioning.win64_msvc2022_64/6.8.3-0-202503201308qtpositioning-Windows-Windows_11_23H2-MSVC2022-Windows-Windows_11_23H2-X86_64.7z.sha256
2026-07-09 18:22:48,474 - aqt.helper - INFO - helper 940 Downloading qtconnectivity...
2026-07-09 18:22:48,475 - aqt.helper - INFO - helper 19856 Downloading qtpositioning...
2026-07-09 18:22:48,474 - aqt.installer - DEBUG - installer 940 Download URL: https://download.qt.io/online/qtsdkrepository/windows_x86/desktop/qt6_683/qt6_683/qt.qt6.683.addons.qtconnectivity.win64_msvc2022_64/6.8.3-0-202503201308qtconnectivity-Windows-Windows_11_23H2-MSVC2022-Windows-Windows_11_23H2-X86_64.7z
2026-07-09 18:22:48,475 - aqt.installer - DEBUG - installer 19856 Download URL: https://download.qt.io/online/qtsdkrepository/windows_x86/desktop/qt6_683/qt6_683/qt.qt6.683.addons.qtpositioning.win64_msvc2022_64/6.8.3-0-202503201308qtpositioning-Windows-Windows_11_23H2-MSVC2022-Windows-Windows_11_23H2-X86_64.7z
2026-07-09 18:22:48,522 - aqt.helper - INFO - helper 35576 Downloading qt5compat...
2026-07-09 18:22:48,523 - aqt.helper - INFO - helper 28640 Downloading qtlocation...
2026-07-09 18:22:48,523 - aqt.installer - DEBUG - installer 35576 Download URL: https://download.qt.io/online/qtsdkrepository/windows_x86/desktop/qt6_683/qt6_683/qt.qt6.683.addons.qt5compat.win64_msvc2022_64/6.8.3-0-202503201308qt5compat-Windows-Windows_11_23H2-MSVC2022-Windows-Windows_11_23H2-X86_64.7z
2026-07-09 18:22:48,524 - aqt.installer - DEBUG - installer 28640 Download URL: https://download.qt.io/online/qtsdkrepository/windows_x86/desktop/qt6_683/qt6_683/qt.qt6.683.addons.qtlocation.win64_msvc2022_64/6.8.3-0-202503201308qtlocation-Windows-Windows_11_23H2-MSVC2022-Windows-Windows_11_23H2-X86_64.7z
2026-07-09 18:22:49,175 - aqt.helper - DEBUG - helper 940 Asked to redirect(302) to: https://qt.mirror.constant.com/online/qtsdkrepository/windows_x86/desktop/qt6_683/qt6_683/qt.qt6.683.addons.qtconnectivity.win64_msvc2022_64/6.8.3-0-202503201308qtconnectivity-Windows-Windows_11_23H2-MSVC2022-Windows-Windows_11_23H2-X86_64.7z
2026-07-09 18:22:49,175 - aqt.helper - INFO - helper 940 Redirected: qt.mirror.constant.com
2026-07-09 18:22:49,220 - aqt.helper - DEBUG - helper 28640 Asked to redirect(302) to: https://qt.mirror.constant.com/online/qtsdkrepository/windows_x86/desktop/qt6_683/qt6_683/qt.qt6.683.addons.qtlocation.win64_msvc2022_64/6.8.3-0-202503201308qtlocation-Windows-Windows_11_23H2-MSVC2022-Windows-Windows_11_23H2-X86_64.7z
2026-07-09 18:22:49,221 - aqt.helper - INFO - helper 28640 Redirected: qt.mirror.constant.com
2026-07-09 18:22:49,237 - aqt.helper - DEBUG - helper 19856 Asked to redirect(302) to: https://qt.mirror.constant.com/online/qtsdkrepository/windows_x86/desktop/qt6_683/qt6_683/qt.qt6.683.addons.qtpositioning.win64_msvc2022_64/6.8.3-0-202503201308qtpositioning-Windows-Windows_11_23H2-MSVC2022-Windows-Windows_11_23H2-X86_64.7z
2026-07-09 18:22:49,238 - aqt.helper - INFO - helper 19856 Redirected: qt.mirror.constant.com
2026-07-09 18:22:49,241 - aqt.helper - DEBUG - helper 35576 Asked to redirect(302) to: https://qt.mirror.constant.com/online/qtsdkrepository/windows_x86/desktop/qt6_683/qt6_683/qt.qt6.683.addons.qt5compat.win64_msvc2022_64/6.8.3-0-202503201308qt5compat-Windows-Windows_11_23H2-MSVC2022-Windows-Windows_11_23H2-X86_64.7z
2026-07-09 18:22:49,241 - aqt.helper - INFO - helper 35576 Redirected: qt.mirror.constant.com
2026-07-09 18:22:49,960 - aqt.installer - INFO - installer 940 Finished installation of qtconnectivity-Windows-Windows_11_23H2-MSVC2022-Windows-Windows_11_23H2-X86_64.7z in 2.21953080
2026-07-09 18:22:49,969 - aqt.helper - DEBUG - helper 940 Attempt to download checksum at https://download.qt.io/online/qtsdkrepository/windows_x86/desktop/qt6_683/qt6_683/qt.qt6.683.addons.qtimageformats.win64_msvc2022_64/6.8.3-0-202503201308qtimageformats-Windows-Windows_11_23H2-MSVC2022-Windows-Windows_11_23H2-X86_64.7z.sha256
2026-07-09 18:22:50,000 - aqt.installer - INFO - installer 19856 Finished installation of qtpositioning-Windows-Windows_11_23H2-MSVC2022-Windows-Windows_11_23H2-X86_64.7z in 2.25923420
2026-07-09 18:22:50,001 - aqt.installer - INFO - installer 35576 Finished installation of qt5compat-Windows-Windows_11_23H2-MSVC2022-Windows-Windows_11_23H2-X86_64.7z in 2.26036100
2026-07-09 18:22:50,008 - aqt.helper - DEBUG - helper 19856 Attempt to download checksum at https://download.qt.io/online/qtsdkrepository/windows_x86/desktop/qt6_683/qt6_683/qt.qt6.683.addons.qtquick3d.win64_msvc2022_64/6.8.3-0-202503201308qtquick3d-Windows-Windows_11_23H2-MSVC2022-Windows-Windows_11_23H2-X86_64.7z.sha256
2026-07-09 18:22:50,010 - aqt.helper - DEBUG - helper 35576 Attempt to download checksum at https://download.qt.io/online/qtsdkrepository/windows_x86/desktop/qt6_683/qt6_683/qt.qt6.683.addons.qtcharts.win64_msvc2022_64/6.8.3-0-202503201308qtcharts-Windows-Windows_11_23H2-MSVC2022-Windows-Windows_11_23H2-X86_64.7z.sha256
2026-07-09 18:22:50,068 - aqt.installer - INFO - installer 28640 Finished installation of qtlocation-Windows-Windows_11_23H2-MSVC2022-Windows-Windows_11_23H2-X86_64.7z in 2.32781950
2026-07-09 18:22:50,075 - aqt.helper - DEBUG - helper 28640 Attempt to download checksum at https://download.qt.io/online/qtsdkrepository/windows_x86/desktop/qt6_683/qt6_683/qt.qt6.683.addons.qtmultimedia.win64_msvc2022_64/6.8.3-0-202503201308qtmultimedia-Windows-Windows_11_23H2-MSVC2022-Windows-Windows_11_23H2-X86_64.7z.sha256
2026-07-09 18:22:50,634 - aqt.helper - INFO - helper 940 Downloading qtimageformats...
2026-07-09 18:22:50,634 - aqt.installer - DEBUG - installer 940 Download URL: https://download.qt.io/online/qtsdkrepository/windows_x86/desktop/qt6_683/qt6_683/qt.qt6.683.addons.qtimageformats.win64_msvc2022_64/6.8.3-0-202503201308qtimageformats-Windows-Windows_11_23H2-MSVC2022-Windows-Windows_11_23H2-X86_64.7z
2026-07-09 18:22:50,693 - aqt.helper - INFO - helper 35576 Downloading qtcharts...
2026-07-09 18:22:50,693 - aqt.installer - DEBUG - installer 35576 Download URL: https://download.qt.io/online/qtsdkrepository/windows_x86/desktop/qt6_683/qt6_683/qt.qt6.683.addons.qtcharts.win64_msvc2022_64/6.8.3-0-202503201308qtcharts-Windows-Windows_11_23H2-MSVC2022-Windows-Windows_11_23H2-X86_64.7z
2026-07-09 18:22:50,709 - aqt.helper - INFO - helper 19856 Downloading qtquick3d...
2026-07-09 18:22:50,709 - aqt.installer - DEBUG - installer 19856 Download URL: https://download.qt.io/online/qtsdkrepository/windows_x86/desktop/qt6_683/qt6_683/qt.qt6.683.addons.qtquick3d.win64_msvc2022_64/6.8.3-0-202503201308qtquick3d-Windows-Windows_11_23H2-MSVC2022-Windows-Windows_11_23H2-X86_64.7z
2026-07-09 18:22:50,744 - aqt.helper - INFO - helper 28640 Downloading qtmultimedia...
2026-07-09 18:22:50,744 - aqt.installer - DEBUG - installer 28640 Download URL: https://download.qt.io/online/qtsdkrepository/windows_x86/desktop/qt6_683/qt6_683/qt.qt6.683.addons.qtmultimedia.win64_msvc2022_64/6.8.3-0-202503201308qtmultimedia-Windows-Windows_11_23H2-MSVC2022-Windows-Windows_11_23H2-X86_64.7z
2026-07-09 18:22:51,253 - aqt.helper - DEBUG - helper 940 Asked to redirect(302) to: https://qt.mirror.constant.com/online/qtsdkrepository/windows_x86/desktop/qt6_683/qt6_683/qt.qt6.683.addons.qtimageformats.win64_msvc2022_64/6.8.3-0-202503201308qtimageformats-Windows-Windows_11_23H2-MSVC2022-Windows-Windows_11_23H2-X86_64.7z
2026-07-09 18:22:51,253 - aqt.helper - INFO - helper 940 Redirected: qt.mirror.constant.com
2026-07-09 18:22:51,356 - aqt.helper - DEBUG - helper 35576 Asked to redirect(302) to: https://qt.mirror.constant.com/online/qtsdkrepository/windows_x86/desktop/qt6_683/qt6_683/qt.qt6.683.addons.qtcharts.win64_msvc2022_64/6.8.3-0-202503201308qtcharts-Windows-Windows_11_23H2-MSVC2022-Windows-Windows_11_23H2-X86_64.7z
2026-07-09 18:22:51,356 - aqt.helper - INFO - helper 35576 Redirected: qt.mirror.constant.com
2026-07-09 18:22:51,370 - aqt.helper - DEBUG - helper 19856 Asked to redirect(302) to: https://qt.mirror.constant.com/online/qtsdkrepository/windows_x86/desktop/qt6_683/qt6_683/qt.qt6.683.addons.qtquick3d.win64_msvc2022_64/6.8.3-0-202503201308qtquick3d-Windows-Windows_11_23H2-MSVC2022-Windows-Windows_11_23H2-X86_64.7z
2026-07-09 18:22:51,370 - aqt.helper - INFO - helper 19856 Redirected: qt.mirror.constant.com
2026-07-09 18:22:51,390 - aqt.helper - DEBUG - helper 28640 Asked to redirect(302) to: https://qt.mirror.constant.com/online/qtsdkrepository/windows_x86/desktop/qt6_683/qt6_683/qt.qt6.683.addons.qtmultimedia.win64_msvc2022_64/6.8.3-0-202503201308qtmultimedia-Windows-Windows_11_23H2-MSVC2022-Windows-Windows_11_23H2-X86_64.7z
2026-07-09 18:22:51,390 - aqt.helper - INFO - helper 28640 Redirected: qt.mirror.constant.com
2026-07-09 18:22:51,769 - aqt.installer - INFO - installer 940 Finished installation of qtimageformats-Windows-Windows_11_23H2-MSVC2022-Windows-Windows_11_23H2-X86_64.7z in 1.80180300
2026-07-09 18:22:51,779 - aqt.helper - DEBUG - helper 940 Attempt to download checksum at https://download.qt.io/online/qtsdkrepository/windows_x86/desktop/qt6_683/qt6_683/qt.qt6.683.addons.qtsensors.win64_msvc2022_64/6.8.3-0-202503201308qtsensors-Windows-Windows_11_23H2-MSVC2022-Windows-Windows_11_23H2-X86_64.7z.sha256
2026-07-09 18:22:52,266 - aqt.installer - INFO - installer 35576 Finished installation of qtcharts-Windows-Windows_11_23H2-MSVC2022-Windows-Windows_11_23H2-X86_64.7z in 2.25690750
2026-07-09 18:22:52,273 - aqt.helper - DEBUG - helper 35576 Attempt to download checksum at https://download.qt.io/online/qtsdkrepository/windows_x86/desktop/qt6_683/qt6_683/qt.qt6.683.addons.qtshadertools.win64_msvc2022_64/6.8.3-0-202503201308qtshadertools-Windows-Windows_11_23H2-MSVC2022-Windows-Windows_11_23H2-X86_64.7z.sha256
2026-07-09 18:22:52,350 - aqt.helper - INFO - helper 940 Downloading qtsensors...
2026-07-09 18:22:52,351 - aqt.installer - DEBUG - installer 940 Download URL: https://download.qt.io/online/qtsdkrepository/windows_x86/desktop/qt6_683/qt6_683/qt.qt6.683.addons.qtsensors.win64_msvc2022_64/6.8.3-0-202503201308qtsensors-Windows-Windows_11_23H2-MSVC2022-Windows-Windows_11_23H2-X86_64.7z
2026-07-09 18:22:52,868 - aqt.helper - INFO - helper 35576 Downloading qtshadertools...
2026-07-09 18:22:52,868 - aqt.installer - DEBUG - installer 35576 Download URL: https://download.qt.io/online/qtsdkrepository/windows_x86/desktop/qt6_683/qt6_683/qt.qt6.683.addons.qtshadertools.win64_msvc2022_64/6.8.3-0-202503201308qtshadertools-Windows-Windows_11_23H2-MSVC2022-Windows-Windows_11_23H2-X86_64.7z
2026-07-09 18:22:52,936 - aqt.helper - DEBUG - helper 940 Asked to redirect(302) to: https://qt.mirror.constant.com/online/qtsdkrepository/windows_x86/desktop/qt6_683/qt6_683/qt.qt6.683.addons.qtsensors.win64_msvc2022_64/6.8.3-0-202503201308qtsensors-Windows-Windows_11_23H2-MSVC2022-Windows-Windows_11_23H2-X86_64.7z
2026-07-09 18:22:52,936 - aqt.helper - INFO - helper 940 Redirected: qt.mirror.constant.com
2026-07-09 18:22:53,492 - aqt.helper - DEBUG - helper 35576 Asked to redirect(302) to: https://qt.mirror.constant.com/online/qtsdkrepository/windows_x86/desktop/qt6_683/qt6_683/qt.qt6.683.addons.qtshadertools.win64_msvc2022_64/6.8.3-0-202503201308qtshadertools-Windows-Windows_11_23H2-MSVC2022-Windows-Windows_11_23H2-X86_64.7z
2026-07-09 18:22:53,492 - aqt.helper - INFO - helper 35576 Redirected: qt.mirror.constant.com
2026-07-09 18:22:53,577 - aqt.installer - INFO - installer 940 Finished installation of qtsensors-Windows-Windows_11_23H2-MSVC2022-Windows-Windows_11_23H2-X86_64.7z in 1.79933060
2026-07-09 18:22:53,587 - aqt.helper - DEBUG - helper 940 Attempt to download checksum at https://download.qt.io/online/qtsdkrepository/windows_x86/desktop/qt6_683/qt6_683/qt.qt6.683.addons.qtserialport.win64_msvc2022_64/6.8.3-0-202503201308qtserialport-Windows-Windows_11_23H2-MSVC2022-Windows-Windows_11_23H2-X86_64.7z.sha256
2026-07-09 18:22:54,183 - aqt.installer - INFO - installer 35576 Finished installation of qtshadertools-Windows-Windows_11_23H2-MSVC2022-Windows-Windows_11_23H2-X86_64.7z in 1.91050670
2026-07-09 18:22:54,191 - aqt.helper - DEBUG - helper 35576 Attempt to download checksum at https://download.qt.io/online/qtsdkrepository/windows_x86/desktop/qt6_683/qt6_683/qt.qt6.683.addons.qtspeech.win64_msvc2022_64/6.8.3-0-202503201308qtspeech-Windows-Windows_11_23H2-MSVC2022-Windows-Windows_11_23H2-X86_64.7z.sha256
2026-07-09 18:22:54,209 - aqt.helper - INFO - helper 940 Downloading qtserialport...
2026-07-09 18:22:54,209 - aqt.installer - DEBUG - installer 940 Download URL: https://download.qt.io/online/qtsdkrepository/windows_x86/desktop/qt6_683/qt6_683/qt.qt6.683.addons.qtserialport.win64_msvc2022_64/6.8.3-0-202503201308qtserialport-Windows-Windows_11_23H2-MSVC2022-Windows-Windows_11_23H2-X86_64.7z
2026-07-09 18:22:54,800 - aqt.helper - INFO - helper 35576 Downloading qtspeech...
2026-07-09 18:22:54,800 - aqt.installer - DEBUG - installer 35576 Download URL: https://download.qt.io/online/qtsdkrepository/windows_x86/desktop/qt6_683/qt6_683/qt.qt6.683.addons.qtspeech.win64_msvc2022_64/6.8.3-0-202503201308qtspeech-Windows-Windows_11_23H2-MSVC2022-Windows-Windows_11_23H2-X86_64.7z
2026-07-09 18:22:54,825 - aqt.helper - DEBUG - helper 940 Asked to redirect(302) to: https://qt.mirror.constant.com/online/qtsdkrepository/windows_x86/desktop/qt6_683/qt6_683/qt.qt6.683.addons.qtserialport.win64_msvc2022_64/6.8.3-0-202503201308qtserialport-Windows-Windows_11_23H2-MSVC2022-Windows-Windows_11_23H2-X86_64.7z
2026-07-09 18:22:54,825 - aqt.helper - INFO - helper 940 Redirected: qt.mirror.constant.com
2026-07-09 18:22:54,931 - aqt.installer - INFO - installer 19856 Finished installation of qtquick3d-Windows-Windows_11_23H2-MSVC2022-Windows-Windows_11_23H2-X86_64.7z in 4.92433300
2026-07-09 18:22:54,942 - aqt.helper - DEBUG - helper 19856 Attempt to download checksum at https://download.qt.io/online/qtsdkrepository/windows_x86/desktop/qt6_683/qt6_683/qt.qt6.683.win64_msvc2022_64/6.8.3-0-202503201308qtbase-Windows-Windows_11_23H2-MSVC2022-Windows-Windows_11_23H2-X86_64.7z.sha256
2026-07-09 18:22:55,263 - aqt.installer - INFO - installer 940 Finished installation of qtserialport-Windows-Windows_11_23H2-MSVC2022-Windows-Windows_11_23H2-X86_64.7z in 1.67778650
2026-07-09 18:22:55,272 - aqt.helper - DEBUG - helper 940 Attempt to download checksum at https://download.qt.io/online/qtsdkrepository/windows_x86/desktop/qt6_683/qt6_683/qt.qt6.683.win64_msvc2022_64/6.8.3-0-202503201308qtdeclarative-Windows-Windows_11_23H2-MSVC2022-Windows-Windows_11_23H2-X86_64.7z.sha256
2026-07-09 18:22:55,401 - aqt.helper - DEBUG - helper 35576 Asked to redirect(302) to: https://qt.mirror.constant.com/online/qtsdkrepository/windows_x86/desktop/qt6_683/qt6_683/qt.qt6.683.addons.qtspeech.win64_msvc2022_64/6.8.3-0-202503201308qtspeech-Windows-Windows_11_23H2-MSVC2022-Windows-Windows_11_23H2-X86_64.7z
2026-07-09 18:22:55,401 - aqt.helper - INFO - helper 35576 Redirected: qt.mirror.constant.com
2026-07-09 18:22:55,521 - aqt.helper - INFO - helper 19856 Downloading qtbase...
2026-07-09 18:22:55,521 - aqt.installer - DEBUG - installer 19856 Download URL: https://download.qt.io/online/qtsdkrepository/windows_x86/desktop/qt6_683/qt6_683/qt.qt6.683.win64_msvc2022_64/6.8.3-0-202503201308qtbase-Windows-Windows_11_23H2-MSVC2022-Windows-Windows_11_23H2-X86_64.7z
2026-07-09 18:22:55,613 - aqt.installer - INFO - installer 28640 Finished installation of qtmultimedia-Windows-Windows_11_23H2-MSVC2022-Windows-Windows_11_23H2-X86_64.7z in 5.53907150
2026-07-09 18:22:55,623 - aqt.helper - DEBUG - helper 28640 Attempt to download checksum at https://download.qt.io/online/qtsdkrepository/windows_x86/desktop/qt6_683/qt6_683/qt.qt6.683.win64_msvc2022_64/6.8.3-0-202503201308qttranslations-Windows-Windows_11_23H2-MSVC2022-Windows-Windows_11_23H2-X86_64.7z.sha256
2026-07-09 18:22:55,885 - aqt.helper - INFO - helper 940 Downloading qtdeclarative...
2026-07-09 18:22:55,885 - aqt.installer - DEBUG - installer 940 Download URL: https://download.qt.io/online/qtsdkrepository/windows_x86/desktop/qt6_683/qt6_683/qt.qt6.683.win64_msvc2022_64/6.8.3-0-202503201308qtdeclarative-Windows-Windows_11_23H2-MSVC2022-Windows-Windows_11_23H2-X86_64.7z
2026-07-09 18:22:55,916 - aqt.installer - INFO - installer 35576 Finished installation of qtspeech-Windows-Windows_11_23H2-MSVC2022-Windows-Windows_11_23H2-X86_64.7z in 1.72672030
2026-07-09 18:22:55,925 - aqt.helper - DEBUG - helper 35576 Attempt to download checksum at https://download.qt.io/online/qtsdkrepository/windows_x86/desktop/qt6_683/qt6_683/qt.qt6.683.win64_msvc2022_64/6.8.3-0-202503201308opengl32sw-64-mesa_11_2_2-signed_sha256.7z.sha256
2026-07-09 18:22:56,086 - aqt.helper - DEBUG - helper 19856 Asked to redirect(302) to: https://qt.mirror.constant.com/online/qtsdkrepository/windows_x86/desktop/qt6_683/qt6_683/qt.qt6.683.win64_msvc2022_64/6.8.3-0-202503201308qtbase-Windows-Windows_11_23H2-MSVC2022-Windows-Windows_11_23H2-X86_64.7z
2026-07-09 18:22:56,086 - aqt.helper - INFO - helper 19856 Redirected: qt.mirror.constant.com
2026-07-09 18:22:56,252 - aqt.helper - INFO - helper 28640 Downloading qttranslations...
2026-07-09 18:22:56,252 - aqt.installer - DEBUG - installer 28640 Download URL: https://download.qt.io/online/qtsdkrepository/windows_x86/desktop/qt6_683/qt6_683/qt.qt6.683.win64_msvc2022_64/6.8.3-0-202503201308qttranslations-Windows-Windows_11_23H2-MSVC2022-Windows-Windows_11_23H2-X86_64.7z
2026-07-09 18:22:56,488 - aqt.helper - DEBUG - helper 940 Asked to redirect(302) to: https://qt.mirror.constant.com/online/qtsdkrepository/windows_x86/desktop/qt6_683/qt6_683/qt.qt6.683.win64_msvc2022_64/6.8.3-0-202503201308qtdeclarative-Windows-Windows_11_23H2-MSVC2022-Windows-Windows_11_23H2-X86_64.7z
2026-07-09 18:22:56,488 - aqt.helper - INFO - helper 940 Redirected: qt.mirror.constant.com
2026-07-09 18:22:56,547 - aqt.helper - INFO - helper 35576 Downloading opengl32sw...
2026-07-09 18:22:56,547 - aqt.installer - DEBUG - installer 35576 Download URL: https://download.qt.io/online/qtsdkrepository/windows_x86/desktop/qt6_683/qt6_683/qt.qt6.683.win64_msvc2022_64/6.8.3-0-202503201308opengl32sw-64-mesa_11_2_2-signed_sha256.7z
2026-07-09 18:22:56,830 - aqt.helper - DEBUG - helper 28640 Asked to redirect(302) to: https://qt.mirror.constant.com/online/qtsdkrepository/windows_x86/desktop/qt6_683/qt6_683/qt.qt6.683.win64_msvc2022_64/6.8.3-0-202503201308qttranslations-Windows-Windows_11_23H2-MSVC2022-Windows-Windows_11_23H2-X86_64.7z
2026-07-09 18:22:56,830 - aqt.helper - INFO - helper 28640 Redirected: qt.mirror.constant.com
2026-07-09 18:22:57,768 - aqt.installer - INFO - installer 28640 Finished installation of qttranslations-Windows-Windows_11_23H2-MSVC2022-Windows-Windows_11_23H2-X86_64.7z in 2.14552200
2026-07-09 18:22:57,779 - aqt.helper - DEBUG - helper 28640 Attempt to download checksum at https://download.qt.io/online/qtsdkrepository/windows_x86/desktop/qt6_683/qt6_683/qt.qt6.683.win64_msvc2022_64/6.8.3-0-202503201308d3dcompiler_47-x64.7z.sha256
2026-07-09 18:22:58,268 - aqt.helper - DEBUG - helper 35576 Asked to redirect(302) to: https://qt.mirror.constant.com/online/qtsdkrepository/windows_x86/desktop/qt6_683/qt6_683/qt.qt6.683.win64_msvc2022_64/6.8.3-0-202503201308opengl32sw-64-mesa_11_2_2-signed_sha256.7z
2026-07-09 18:22:58,268 - aqt.helper - INFO - helper 35576 Redirected: qt.mirror.constant.com
2026-07-09 18:22:59,203 - aqt.installer - INFO - installer 35576 Finished installation of opengl32sw-64-mesa_11_2_2-signed_sha256.7z in 3.27920190
2026-07-09 18:22:59,673 - aqt.helper - INFO - helper 28640 Downloading d3dcompiler_47...
2026-07-09 18:22:59,673 - aqt.installer - DEBUG - installer 28640 Download URL: https://download.qt.io/online/qtsdkrepository/windows_x86/desktop/qt6_683/qt6_683/qt.qt6.683.win64_msvc2022_64/6.8.3-0-202503201308d3dcompiler_47-x64.7z
2026-07-09 18:23:00,256 - aqt.helper - DEBUG - helper 28640 Asked to redirect(302) to: https://qt.mirror.constant.com/online/qtsdkrepository/windows_x86/desktop/qt6_683/qt6_683/qt.qt6.683.win64_msvc2022_64/6.8.3-0-202503201308d3dcompiler_47-x64.7z
2026-07-09 18:23:00,256 - aqt.helper - INFO - helper 28640 Redirected: qt.mirror.constant.com
2026-07-09 18:23:00,767 - aqt.installer - INFO - installer 28640 Finished installation of d3dcompiler_47-x64.7z in 2.98928440
2026-07-09 18:23:01,932 - aqt.installer - INFO - installer 19856 Finished installation of qtbase-Windows-Windows_11_23H2-MSVC2022-Windows-Windows_11_23H2-X86_64.7z in 6.99038820
2026-07-09 18:23:01,942 - aqt.helper - DEBUG - helper 19856 Attempt to download checksum at https://download.qt.io/online/qtsdkrepository/windows_x86/desktop/qt6_683/qt6_683/qt.qt6.683.win64_msvc2022_64/6.8.3-0-202503201308qtsvg-Windows-Windows_11_23H2-MSVC2022-Windows-Windows_11_23H2-X86_64.7z.sha256
2026-07-09 18:23:02,517 - aqt.helper - INFO - helper 19856 Downloading qtsvg...
2026-07-09 18:23:02,517 - aqt.installer - DEBUG - installer 19856 Download URL: https://download.qt.io/online/qtsdkrepository/windows_x86/desktop/qt6_683/qt6_683/qt.qt6.683.win64_msvc2022_64/6.8.3-0-202503201308qtsvg-Windows-Windows_11_23H2-MSVC2022-Windows-Windows_11_23H2-X86_64.7z
2026-07-09 18:23:03,088 - aqt.helper - DEBUG - helper 19856 Asked to redirect(302) to: https://qt.mirror.constant.com/online/qtsdkrepository/windows_x86/desktop/qt6_683/qt6_683/qt.qt6.683.win64_msvc2022_64/6.8.3-0-202503201308qtsvg-Windows-Windows_11_23H2-MSVC2022-Windows-Windows_11_23H2-X86_64.7z
2026-07-09 18:23:03,088 - aqt.helper - INFO - helper 19856 Redirected: qt.mirror.constant.com
2026-07-09 18:23:03,585 - aqt.installer - INFO - installer 19856 Finished installation of qtsvg-Windows-Windows_11_23H2-MSVC2022-Windows-Windows_11_23H2-X86_64.7z in 1.64369330
2026-07-09 18:23:11,678 - aqt.installer - INFO - installer 940 Finished installation of qtdeclarative-Windows-Windows_11_23H2-MSVC2022-Windows-Windows_11_23H2-X86_64.7z in 16.40645060
2026-07-09 18:23:11,692 - aqt.helper - DEBUG - helper 940 Attempt to download checksum at https://download.qt.io/online/qtsdkrepository/windows_x86/desktop/qt6_683/qt6_683/qt.qt6.683.win64_msvc2022_64/6.8.3-0-202503201308qttools-Windows-Windows_11_23H2-MSVC2022-Windows-Windows_11_23H2-X86_64.7z.sha256
2026-07-09 18:23:12,326 - aqt.helper - INFO - helper 940 Downloading qttools...
2026-07-09 18:23:12,326 - aqt.installer - DEBUG - installer 940 Download URL: https://download.qt.io/online/qtsdkrepository/windows_x86/desktop/qt6_683/qt6_683/qt.qt6.683.win64_msvc2022_64/6.8.3-0-202503201308qttools-Windows-Windows_11_23H2-MSVC2022-Windows-Windows_11_23H2-X86_64.7z
2026-07-09 18:23:12,900 - aqt.helper - DEBUG - helper 940 Asked to redirect(302) to: https://qt.mirror.constant.com/online/qtsdkrepository/windows_x86/desktop/qt6_683/qt6_683/qt.qt6.683.win64_msvc2022_64/6.8.3-0-202503201308qttools-Windows-Windows_11_23H2-MSVC2022-Windows-Windows_11_23H2-X86_64.7z
2026-07-09 18:23:12,901 - aqt.helper - INFO - helper 940 Redirected: qt.mirror.constant.com
2026-07-09 18:23:15,196 - aqt.installer - INFO - installer 940 Finished installation of qttools-Windows-Windows_11_23H2-MSVC2022-Windows-Windows_11_23H2-X86_64.7z in 3.50580270
2026-07-09 18:23:15,298 - aqt.updater - INFO - updater 8876 Patching C:\Qt\6.8.3\msvc2022_64\bin\qmake.exe
2026-07-09 18:23:15,301 - aqt.updater - INFO - updater 8876 Patching C:\Qt\6.8.3\msvc2022_64\lib\Qt6Bluetooth.prl
2026-07-09 18:23:15,306 - aqt.updater - INFO - updater 8876 Patching C:\Qt\6.8.3\msvc2022_64\lib\Qt6Bluetoothd.prl
2026-07-09 18:23:15,309 - aqt.updater - INFO - updater 8876 Patching C:\Qt\6.8.3\msvc2022_64\lib\Qt6Charts.prl
2026-07-09 18:23:15,312 - aqt.updater - INFO - updater 8876 Patching C:\Qt\6.8.3\msvc2022_64\lib\Qt6Chartsd.prl
2026-07-09 18:23:15,315 - aqt.updater - INFO - updater 8876 Patching C:\Qt\6.8.3\msvc2022_64\lib\Qt6ChartsQml.prl
2026-07-09 18:23:15,319 - aqt.updater - INFO - updater 8876 Patching C:\Qt\6.8.3\msvc2022_64\lib\Qt6ChartsQmld.prl
2026-07-09 18:23:15,322 - aqt.updater - INFO - updater 8876 Patching C:\Qt\6.8.3\msvc2022_64\lib\Qt6Concurrent.prl
2026-07-09 18:23:15,326 - aqt.updater - INFO - updater 8876 Patching C:\Qt\6.8.3\msvc2022_64\lib\Qt6Concurrentd.prl
2026-07-09 18:23:15,329 - aqt.updater - INFO - updater 8876 Patching C:\Qt\6.8.3\msvc2022_64\lib\Qt6Core.prl
2026-07-09 18:23:15,332 - aqt.updater - INFO - updater 8876 Patching C:\Qt\6.8.3\msvc2022_64\lib\Qt6Core5Compat.prl
2026-07-09 18:23:15,336 - aqt.updater - INFO - updater 8876 Patching C:\Qt\6.8.3\msvc2022_64\lib\Qt6Core5Compatd.prl
2026-07-09 18:23:15,339 - aqt.updater - INFO - updater 8876 Patching C:\Qt\6.8.3\msvc2022_64\lib\Qt6Cored.prl
2026-07-09 18:23:15,342 - aqt.updater - INFO - updater 8876 Patching C:\Qt\6.8.3\msvc2022_64\lib\Qt6DBus.prl
2026-07-09 18:23:15,346 - aqt.updater - INFO - updater 8876 Patching C:\Qt\6.8.3\msvc2022_64\lib\Qt6DBusd.prl
2026-07-09 18:23:15,350 - aqt.updater - INFO - updater 8876 Patching C:\Qt\6.8.3\msvc2022_64\lib\Qt6Designer.prl
2026-07-09 18:23:15,353 - aqt.updater - INFO - updater 8876 Patching C:\Qt\6.8.3\msvc2022_64\lib\Qt6DesignerComponents.prl
2026-07-09 18:23:15,357 - aqt.updater - INFO - updater 8876 Patching C:\Qt\6.8.3\msvc2022_64\lib\Qt6DesignerComponentsd.prl
2026-07-09 18:23:15,360 - aqt.updater - INFO - updater 8876 Patching C:\Qt\6.8.3\msvc2022_64\lib\Qt6Designerd.prl
2026-07-09 18:23:15,363 - aqt.updater - INFO - updater 8876 Patching C:\Qt\6.8.3\msvc2022_64\lib\Qt6DeviceDiscoverySupport.prl
2026-07-09 18:23:15,367 - aqt.updater - INFO - updater 8876 Patching C:\Qt\6.8.3\msvc2022_64\lib\Qt6DeviceDiscoverySupportd.prl
2026-07-09 18:23:15,370 - aqt.updater - INFO - updater 8876 Patching C:\Qt\6.8.3\msvc2022_64\lib\Qt6EntryPoint.prl
2026-07-09 18:23:15,373 - aqt.updater - INFO - updater 8876 Patching C:\Qt\6.8.3\msvc2022_64\lib\Qt6EntryPointd.prl
2026-07-09 18:23:15,377 - aqt.updater - INFO - updater 8876 Patching C:\Qt\6.8.3\msvc2022_64\lib\Qt6ExampleIcons.prl
2026-07-09 18:23:15,380 - aqt.updater - INFO - updater 8876 Patching C:\Qt\6.8.3\msvc2022_64\lib\Qt6ExampleIconsd.prl
2026-07-09 18:23:15,384 - aqt.updater - INFO - updater 8876 Patching C:\Qt\6.8.3\msvc2022_64\lib\Qt6ExamplesAssetDownloader.prl
2026-07-09 18:23:15,387 - aqt.updater - INFO - updater 8876 Patching C:\Qt\6.8.3\msvc2022_64\lib\Qt6ExamplesAssetDownloaderd.prl
2026-07-09 18:23:15,391 - aqt.updater - INFO - updater 8876 Patching C:\Qt\6.8.3\msvc2022_64\lib\Qt6FbSupport.prl
2026-07-09 18:23:15,395 - aqt.updater - INFO - updater 8876 Patching C:\Qt\6.8.3\msvc2022_64\lib\Qt6FbSupportd.prl
2026-07-09 18:23:15,398 - aqt.updater - INFO - updater 8876 Patching C:\Qt\6.8.3\msvc2022_64\lib\Qt6FFmpegMediaPluginImpl.prl
2026-07-09 18:23:15,402 - aqt.updater - INFO - updater 8876 Patching C:\Qt\6.8.3\msvc2022_64\lib\Qt6FFmpegMediaPluginImpld.prl
2026-07-09 18:23:15,406 - aqt.updater - INFO - updater 8876 Patching C:\Qt\6.8.3\msvc2022_64\lib\Qt6Gui.prl
2026-07-09 18:23:15,409 - aqt.updater - INFO - updater 8876 Patching C:\Qt\6.8.3\msvc2022_64\lib\Qt6Guid.prl
2026-07-09 18:23:15,412 - aqt.updater - INFO - updater 8876 Patching C:\Qt\6.8.3\msvc2022_64\lib\Qt6Help.prl
2026-07-09 18:23:15,415 - aqt.updater - INFO - updater 8876 Patching C:\Qt\6.8.3\msvc2022_64\lib\Qt6Helpd.prl
2026-07-09 18:23:15,418 - aqt.updater - INFO - updater 8876 Patching C:\Qt\6.8.3\msvc2022_64\lib\Qt6LabsAnimation.prl
2026-07-09 18:23:15,423 - aqt.updater - INFO - updater 8876 Patching C:\Qt\6.8.3\msvc2022_64\lib\Qt6LabsAnimationd.prl
2026-07-09 18:23:15,427 - aqt.updater - INFO - updater 8876 Patching C:\Qt\6.8.3\msvc2022_64\lib\Qt6LabsFolderListModel.prl
2026-07-09 18:23:15,430 - aqt.updater - INFO - updater 8876 Patching C:\Qt\6.8.3\msvc2022_64\lib\Qt6LabsFolderListModeld.prl
2026-07-09 18:23:15,434 - aqt.updater - INFO - updater 8876 Patching C:\Qt\6.8.3\msvc2022_64\lib\Qt6LabsPlatform.prl
2026-07-09 18:23:15,438 - aqt.updater - INFO - updater 8876 Patching C:\Qt\6.8.3\msvc2022_64\lib\Qt6LabsPlatformd.prl
2026-07-09 18:23:15,441 - aqt.updater - INFO - updater 8876 Patching C:\Qt\6.8.3\msvc2022_64\lib\Qt6LabsQmlModels.prl
2026-07-09 18:23:15,445 - aqt.updater - INFO - updater 8876 Patching C:\Qt\6.8.3\msvc2022_64\lib\Qt6LabsQmlModelsd.prl
2026-07-09 18:23:15,448 - aqt.updater - INFO - updater 8876 Patching C:\Qt\6.8.3\msvc2022_64\lib\Qt6LabsSettings.prl
2026-07-09 18:23:15,451 - aqt.updater - INFO - updater 8876 Patching C:\Qt\6.8.3\msvc2022_64\lib\Qt6LabsSettingsd.prl
2026-07-09 18:23:15,455 - aqt.updater - INFO - updater 8876 Patching C:\Qt\6.8.3\msvc2022_64\lib\Qt6LabsSharedImage.prl
2026-07-09 18:23:15,458 - aqt.updater - INFO - updater 8876 Patching C:\Qt\6.8.3\msvc2022_64\lib\Qt6LabsSharedImaged.prl
2026-07-09 18:23:15,461 - aqt.updater - INFO - updater 8876 Patching C:\Qt\6.8.3\msvc2022_64\lib\Qt6LabsWavefrontMesh.prl
2026-07-09 18:23:15,464 - aqt.updater - INFO - updater 8876 Patching C:\Qt\6.8.3\msvc2022_64\lib\Qt6LabsWavefrontMeshd.prl
2026-07-09 18:23:15,468 - aqt.updater - INFO - updater 8876 Patching C:\Qt\6.8.3\msvc2022_64\lib\Qt6Location.prl
2026-07-09 18:23:15,471 - aqt.updater - INFO - updater 8876 Patching C:\Qt\6.8.3\msvc2022_64\lib\Qt6Locationd.prl
2026-07-09 18:23:15,475 - aqt.updater - INFO - updater 8876 Patching C:\Qt\6.8.3\msvc2022_64\lib\Qt6Multimedia.prl
2026-07-09 18:23:15,478 - aqt.updater - INFO - updater 8876 Patching C:\Qt\6.8.3\msvc2022_64\lib\Qt6Multimediad.prl
2026-07-09 18:23:15,481 - aqt.updater - INFO - updater 8876 Patching C:\Qt\6.8.3\msvc2022_64\lib\Qt6MultimediaQuick.prl
2026-07-09 18:23:15,485 - aqt.updater - INFO - updater 8876 Patching C:\Qt\6.8.3\msvc2022_64\lib\Qt6MultimediaQuickd.prl
2026-07-09 18:23:15,488 - aqt.updater - INFO - updater 8876 Patching C:\Qt\6.8.3\msvc2022_64\lib\Qt6MultimediaTestLib.prl
2026-07-09 18:23:15,491 - aqt.updater - INFO - updater 8876 Patching C:\Qt\6.8.3\msvc2022_64\lib\Qt6MultimediaTestLibd.prl
2026-07-09 18:23:15,495 - aqt.updater - INFO - updater 8876 Patching C:\Qt\6.8.3\msvc2022_64\lib\Qt6MultimediaWidgets.prl
2026-07-09 18:23:15,498 - aqt.updater - INFO - updater 8876 Patching C:\Qt\6.8.3\msvc2022_64\lib\Qt6MultimediaWidgetsd.prl
2026-07-09 18:23:15,501 - aqt.updater - INFO - updater 8876 Patching C:\Qt\6.8.3\msvc2022_64\lib\Qt6Network.prl
2026-07-09 18:23:15,504 - aqt.updater - INFO - updater 8876 Patching C:\Qt\6.8.3\msvc2022_64\lib\Qt6Networkd.prl
2026-07-09 18:23:15,507 - aqt.updater - INFO - updater 8876 Patching C:\Qt\6.8.3\msvc2022_64\lib\Qt6Nfc.prl
2026-07-09 18:23:15,510 - aqt.updater - INFO - updater 8876 Patching C:\Qt\6.8.3\msvc2022_64\lib\Qt6Nfcd.prl
2026-07-09 18:23:15,514 - aqt.updater - INFO - updater 8876 Patching C:\Qt\6.8.3\msvc2022_64\lib\Qt6OpenGL.prl
2026-07-09 18:23:15,517 - aqt.updater - INFO - updater 8876 Patching C:\Qt\6.8.3\msvc2022_64\lib\Qt6OpenGLd.prl
2026-07-09 18:23:15,520 - aqt.updater - INFO - updater 8876 Patching C:\Qt\6.8.3\msvc2022_64\lib\Qt6OpenGLWidgets.prl
2026-07-09 18:23:15,524 - aqt.updater - INFO - updater 8876 Patching C:\Qt\6.8.3\msvc2022_64\lib\Qt6OpenGLWidgetsd.prl
2026-07-09 18:23:15,527 - aqt.updater - INFO - updater 8876 Patching C:\Qt\6.8.3\msvc2022_64\lib\Qt6PacketProtocol.prl
2026-07-09 18:23:15,531 - aqt.updater - INFO - updater 8876 Patching C:\Qt\6.8.3\msvc2022_64\lib\Qt6PacketProtocold.prl
2026-07-09 18:23:15,534 - aqt.updater - INFO - updater 8876 Patching C:\Qt\6.8.3\msvc2022_64\lib\Qt6Positioning.prl
2026-07-09 18:23:15,538 - aqt.updater - INFO - updater 8876 Patching C:\Qt\6.8.3\msvc2022_64\lib\Qt6Positioningd.prl
2026-07-09 18:23:15,541 - aqt.updater - INFO - updater 8876 Patching C:\Qt\6.8.3\msvc2022_64\lib\Qt6PositioningQuick.prl
2026-07-09 18:23:15,545 - aqt.updater - INFO - updater 8876 Patching C:\Qt\6.8.3\msvc2022_64\lib\Qt6PositioningQuickd.prl
2026-07-09 18:23:15,549 - aqt.updater - INFO - updater 8876 Patching C:\Qt\6.8.3\msvc2022_64\lib\Qt6PrintSupport.prl
2026-07-09 18:23:15,552 - aqt.updater - INFO - updater 8876 Patching C:\Qt\6.8.3\msvc2022_64\lib\Qt6PrintSupportd.prl
2026-07-09 18:23:15,555 - aqt.updater - INFO - updater 8876 Patching C:\Qt\6.8.3\msvc2022_64\lib\Qt6Qml.prl
2026-07-09 18:23:15,558 - aqt.updater - INFO - updater 8876 Patching C:\Qt\6.8.3\msvc2022_64\lib\Qt6QmlAssetDownloader.prl
2026-07-09 18:23:15,562 - aqt.updater - INFO - updater 8876 Patching C:\Qt\6.8.3\msvc2022_64\lib\Qt6QmlAssetDownloaderd.prl
2026-07-09 18:23:15,565 - aqt.updater - INFO - updater 8876 Patching C:\Qt\6.8.3\msvc2022_64\lib\Qt6QmlCompiler.prl
2026-07-09 18:23:15,569 - aqt.updater - INFO - updater 8876 Patching C:\Qt\6.8.3\msvc2022_64\lib\Qt6QmlCompilerd.prl
2026-07-09 18:23:15,572 - aqt.updater - INFO - updater 8876 Patching C:\Qt\6.8.3\msvc2022_64\lib\Qt6QmlCore.prl
2026-07-09 18:23:15,575 - aqt.updater - INFO - updater 8876 Patching C:\Qt\6.8.3\msvc2022_64\lib\Qt6QmlCored.prl
2026-07-09 18:23:15,578 - aqt.updater - INFO - updater 8876 Patching C:\Qt\6.8.3\msvc2022_64\lib\Qt6Qmld.prl
2026-07-09 18:23:15,582 - aqt.updater - INFO - updater 8876 Patching C:\Qt\6.8.3\msvc2022_64\lib\Qt6QmlDebug.prl
2026-07-09 18:23:15,585 - aqt.updater - INFO - updater 8876 Patching C:\Qt\6.8.3\msvc2022_64\lib\Qt6QmlDebugd.prl
2026-07-09 18:23:15,588 - aqt.updater - INFO - updater 8876 Patching C:\Qt\6.8.3\msvc2022_64\lib\Qt6QmlDom.prl
2026-07-09 18:23:15,592 - aqt.updater - INFO - updater 8876 Patching C:\Qt\6.8.3\msvc2022_64\lib\Qt6QmlDomd.prl
2026-07-09 18:23:15,595 - aqt.updater - INFO - updater 8876 Patching C:\Qt\6.8.3\msvc2022_64\lib\Qt6QmlLocalStorage.prl
2026-07-09 18:23:15,598 - aqt.updater - INFO - updater 8876 Patching C:\Qt\6.8.3\msvc2022_64\lib\Qt6QmlLocalStoraged.prl
2026-07-09 18:23:15,602 - aqt.updater - INFO - updater 8876 Patching C:\Qt\6.8.3\msvc2022_64\lib\Qt6QmlLS.prl
2026-07-09 18:23:15,605 - aqt.updater - INFO - updater 8876 Patching C:\Qt\6.8.3\msvc2022_64\lib\Qt6QmlLSd.prl
2026-07-09 18:23:15,609 - aqt.updater - INFO - updater 8876 Patching C:\Qt\6.8.3\msvc2022_64\lib\Qt6QmlMeta.prl
2026-07-09 18:23:15,612 - aqt.updater - INFO - updater 8876 Patching C:\Qt\6.8.3\msvc2022_64\lib\Qt6QmlMetad.prl
2026-07-09 18:23:15,615 - aqt.updater - INFO - updater 8876 Patching C:\Qt\6.8.3\msvc2022_64\lib\Qt6QmlModels.prl
2026-07-09 18:23:15,619 - aqt.updater - INFO - updater 8876 Patching C:\Qt\6.8.3\msvc2022_64\lib\Qt6QmlModelsd.prl
2026-07-09 18:23:15,622 - aqt.updater - INFO - updater 8876 Patching C:\Qt\6.8.3\msvc2022_64\lib\Qt6QmlNetwork.prl
2026-07-09 18:23:15,626 - aqt.updater - INFO - updater 8876 Patching C:\Qt\6.8.3\msvc2022_64\lib\Qt6QmlNetworkd.prl
2026-07-09 18:23:15,629 - aqt.updater - INFO - updater 8876 Patching C:\Qt\6.8.3\msvc2022_64\lib\Qt6QmlToolingSettings.prl
2026-07-09 18:23:15,633 - aqt.updater - INFO - updater 8876 Patching C:\Qt\6.8.3\msvc2022_64\lib\Qt6QmlToolingSettingsd.prl
2026-07-09 18:23:15,638 - aqt.updater - INFO - updater 8876 Patching C:\Qt\6.8.3\msvc2022_64\lib\Qt6QmlTypeRegistrar.prl
2026-07-09 18:23:15,643 - aqt.updater - INFO - updater 8876 Patching C:\Qt\6.8.3\msvc2022_64\lib\Qt6QmlTypeRegistrard.prl
2026-07-09 18:23:15,647 - aqt.updater - INFO - updater 8876 Patching C:\Qt\6.8.3\msvc2022_64\lib\Qt6QmlWorkerScript.prl
2026-07-09 18:23:15,651 - aqt.updater - INFO - updater 8876 Patching C:\Qt\6.8.3\msvc2022_64\lib\Qt6QmlWorkerScriptd.prl
2026-07-09 18:23:15,654 - aqt.updater - INFO - updater 8876 Patching C:\Qt\6.8.3\msvc2022_64\lib\Qt6QmlXmlListModel.prl
2026-07-09 18:23:15,658 - aqt.updater - INFO - updater 8876 Patching C:\Qt\6.8.3\msvc2022_64\lib\Qt6QmlXmlListModeld.prl
2026-07-09 18:23:15,661 - aqt.updater - INFO - updater 8876 Patching C:\Qt\6.8.3\msvc2022_64\lib\Qt6Quick.prl
2026-07-09 18:23:15,665 - aqt.updater - INFO - updater 8876 Patching C:\Qt\6.8.3\msvc2022_64\lib\Qt6Quick3D.prl
2026-07-09 18:23:15,668 - aqt.updater - INFO - updater 8876 Patching C:\Qt\6.8.3\msvc2022_64\lib\Qt6Quick3DAssetImport.prl
2026-07-09 18:23:15,672 - aqt.updater - INFO - updater 8876 Patching C:\Qt\6.8.3\msvc2022_64\lib\Qt6Quick3DAssetImportd.prl
2026-07-09 18:23:15,675 - aqt.updater - INFO - updater 8876 Patching C:\Qt\6.8.3\msvc2022_64\lib\Qt6Quick3DAssetUtils.prl
2026-07-09 18:23:15,678 - aqt.updater - INFO - updater 8876 Patching C:\Qt\6.8.3\msvc2022_64\lib\Qt6Quick3DAssetUtilsd.prl
2026-07-09 18:23:15,681 - aqt.updater - INFO - updater 8876 Patching C:\Qt\6.8.3\msvc2022_64\lib\Qt6Quick3Dd.prl
2026-07-09 18:23:15,685 - aqt.updater - INFO - updater 8876 Patching C:\Qt\6.8.3\msvc2022_64\lib\Qt6Quick3DEffects.prl
2026-07-09 18:23:15,688 - aqt.updater - INFO - updater 8876 Patching C:\Qt\6.8.3\msvc2022_64\lib\Qt6Quick3DEffectsd.prl
2026-07-09 18:23:15,692 - aqt.updater - INFO - updater 8876 Patching C:\Qt\6.8.3\msvc2022_64\lib\Qt6Quick3DGlslParser.prl
2026-07-09 18:23:15,695 - aqt.updater - INFO - updater 8876 Patching C:\Qt\6.8.3\msvc2022_64\lib\Qt6Quick3DGlslParserd.prl
2026-07-09 18:23:15,698 - aqt.updater - INFO - updater 8876 Patching C:\Qt\6.8.3\msvc2022_64\lib\Qt6Quick3DHelpers.prl
2026-07-09 18:23:15,701 - aqt.updater - INFO - updater 8876 Patching C:\Qt\6.8.3\msvc2022_64\lib\Qt6Quick3DHelpersd.prl
2026-07-09 18:23:15,704 - aqt.updater - INFO - updater 8876 Patching C:\Qt\6.8.3\msvc2022_64\lib\Qt6Quick3DHelpersImpl.prl
2026-07-09 18:23:15,707 - aqt.updater - INFO - updater 8876 Patching C:\Qt\6.8.3\msvc2022_64\lib\Qt6Quick3DHelpersImpld.prl
2026-07-09 18:23:15,711 - aqt.updater - INFO - updater 8876 Patching C:\Qt\6.8.3\msvc2022_64\lib\Qt6Quick3DIblBaker.prl
2026-07-09 18:23:15,714 - aqt.updater - INFO - updater 8876 Patching C:\Qt\6.8.3\msvc2022_64\lib\Qt6Quick3DIblBakerd.prl
2026-07-09 18:23:15,718 - aqt.updater - INFO - updater 8876 Patching C:\Qt\6.8.3\msvc2022_64\lib\Qt6Quick3DParticleEffects.prl
2026-07-09 18:23:15,721 - aqt.updater - INFO - updater 8876 Patching C:\Qt\6.8.3\msvc2022_64\lib\Qt6Quick3DParticleEffectsd.prl
2026-07-09 18:23:15,724 - aqt.updater - INFO - updater 8876 Patching C:\Qt\6.8.3\msvc2022_64\lib\Qt6Quick3DParticles.prl
2026-07-09 18:23:15,727 - aqt.updater - INFO - updater 8876 Patching C:\Qt\6.8.3\msvc2022_64\lib\Qt6Quick3DParticlesd.prl
2026-07-09 18:23:15,730 - aqt.updater - INFO - updater 8876 Patching C:\Qt\6.8.3\msvc2022_64\lib\Qt6Quick3DRuntimeRender.prl
2026-07-09 18:23:15,734 - aqt.updater - INFO - updater 8876 Patching C:\Qt\6.8.3\msvc2022_64\lib\Qt6Quick3DRuntimeRenderd.prl
2026-07-09 18:23:15,737 - aqt.updater - INFO - updater 8876 Patching C:\Qt\6.8.3\msvc2022_64\lib\Qt6Quick3DSpatialAudio.prl
2026-07-09 18:23:15,740 - aqt.updater - INFO - updater 8876 Patching C:\Qt\6.8.3\msvc2022_64\lib\Qt6Quick3DSpatialAudiod.prl
2026-07-09 18:23:15,743 - aqt.updater - INFO - updater 8876 Patching C:\Qt\6.8.3\msvc2022_64\lib\Qt6Quick3DUtils.prl
2026-07-09 18:23:15,747 - aqt.updater - INFO - updater 8876 Patching C:\Qt\6.8.3\msvc2022_64\lib\Qt6Quick3DUtilsd.prl
2026-07-09 18:23:15,753 - aqt.updater - INFO - updater 8876 Patching C:\Qt\6.8.3\msvc2022_64\lib\Qt6Quick3DXr.prl
2026-07-09 18:23:15,757 - aqt.updater - INFO - updater 8876 Patching C:\Qt\6.8.3\msvc2022_64\lib\Qt6Quick3DXrd.prl
2026-07-09 18:23:15,761 - aqt.updater - INFO - updater 8876 Patching C:\Qt\6.8.3\msvc2022_64\lib\Qt6QuickControls2.prl
2026-07-09 18:23:15,765 - aqt.updater - INFO - updater 8876 Patching C:\Qt\6.8.3\msvc2022_64\lib\Qt6QuickControls2Basic.prl
2026-07-09 18:23:15,769 - aqt.updater - INFO - updater 8876 Patching C:\Qt\6.8.3\msvc2022_64\lib\Qt6QuickControls2Basicd.prl
2026-07-09 18:23:15,773 - aqt.updater - INFO - updater 8876 Patching C:\Qt\6.8.3\msvc2022_64\lib\Qt6QuickControls2BasicStyleImpl.prl
2026-07-09 18:23:15,777 - aqt.updater - INFO - updater 8876 Patching C:\Qt\6.8.3\msvc2022_64\lib\Qt6QuickControls2BasicStyleImpld.prl
2026-07-09 18:23:15,782 - aqt.updater - INFO - updater 8876 Patching C:\Qt\6.8.3\msvc2022_64\lib\Qt6QuickControls2d.prl
2026-07-09 18:23:15,786 - aqt.updater - INFO - updater 8876 Patching C:\Qt\6.8.3\msvc2022_64\lib\Qt6QuickControls2FluentWinUI3StyleImpl.prl
2026-07-09 18:23:15,789 - aqt.updater - INFO - updater 8876 Patching C:\Qt\6.8.3\msvc2022_64\lib\Qt6QuickControls2FluentWinUI3StyleImpld.prl
2026-07-09 18:23:15,794 - aqt.updater - INFO - updater 8876 Patching C:\Qt\6.8.3\msvc2022_64\lib\Qt6QuickControls2Fusion.prl
2026-07-09 18:23:15,799 - aqt.updater - INFO - updater 8876 Patching C:\Qt\6.8.3\msvc2022_64\lib\Qt6QuickControls2Fusiond.prl
2026-07-09 18:23:15,803 - aqt.updater - INFO - updater 8876 Patching C:\Qt\6.8.3\msvc2022_64\lib\Qt6QuickControls2FusionStyleImpl.prl
2026-07-09 18:23:15,806 - aqt.updater - INFO - updater 8876 Patching C:\Qt\6.8.3\msvc2022_64\lib\Qt6QuickControls2FusionStyleImpld.prl
2026-07-09 18:23:15,811 - aqt.updater - INFO - updater 8876 Patching C:\Qt\6.8.3\msvc2022_64\lib\Qt6QuickControls2Imagine.prl
2026-07-09 18:23:15,815 - aqt.updater - INFO - updater 8876 Patching C:\Qt\6.8.3\msvc2022_64\lib\Qt6QuickControls2Imagined.prl
2026-07-09 18:23:15,819 - aqt.updater - INFO - updater 8876 Patching C:\Qt\6.8.3\msvc2022_64\lib\Qt6QuickControls2ImagineStyleImpl.prl
2026-07-09 18:23:15,823 - aqt.updater - INFO - updater 8876 Patching C:\Qt\6.8.3\msvc2022_64\lib\Qt6QuickControls2ImagineStyleImpld.prl
2026-07-09 18:23:15,827 - aqt.updater - INFO - updater 8876 Patching C:\Qt\6.8.3\msvc2022_64\lib\Qt6QuickControls2Impl.prl
2026-07-09 18:23:15,831 - aqt.updater - INFO - updater 8876 Patching C:\Qt\6.8.3\msvc2022_64\lib\Qt6QuickControls2Impld.prl
2026-07-09 18:23:15,835 - aqt.updater - INFO - updater 8876 Patching C:\Qt\6.8.3\msvc2022_64\lib\Qt6QuickControls2Material.prl
2026-07-09 18:23:15,839 - aqt.updater - INFO - updater 8876 Patching C:\Qt\6.8.3\msvc2022_64\lib\Qt6QuickControls2Materiald.prl
2026-07-09 18:23:15,843 - aqt.updater - INFO - updater 8876 Patching C:\Qt\6.8.3\msvc2022_64\lib\Qt6QuickControls2MaterialStyleImpl.prl
2026-07-09 18:23:15,847 - aqt.updater - INFO - updater 8876 Patching C:\Qt\6.8.3\msvc2022_64\lib\Qt6QuickControls2MaterialStyleImpld.prl
2026-07-09 18:23:15,851 - aqt.updater - INFO - updater 8876 Patching C:\Qt\6.8.3\msvc2022_64\lib\Qt6QuickControls2Universal.prl
2026-07-09 18:23:15,854 - aqt.updater - INFO - updater 8876 Patching C:\Qt\6.8.3\msvc2022_64\lib\Qt6QuickControls2Universald.prl
2026-07-09 18:23:15,859 - aqt.updater - INFO - updater 8876 Patching C:\Qt\6.8.3\msvc2022_64\lib\Qt6QuickControls2UniversalStyleImpl.prl
2026-07-09 18:23:15,863 - aqt.updater - INFO - updater 8876 Patching C:\Qt\6.8.3\msvc2022_64\lib\Qt6QuickControls2UniversalStyleImpld.prl
2026-07-09 18:23:15,866 - aqt.updater - INFO - updater 8876 Patching C:\Qt\6.8.3\msvc2022_64\lib\Qt6QuickControls2WindowsStyleImpl.prl
2026-07-09 18:23:15,869 - aqt.updater - INFO - updater 8876 Patching C:\Qt\6.8.3\msvc2022_64\lib\Qt6QuickControls2WindowsStyleImpld.prl
2026-07-09 18:23:15,873 - aqt.updater - INFO - updater 8876 Patching C:\Qt\6.8.3\msvc2022_64\lib\Qt6QuickControlsTestUtils.prl
2026-07-09 18:23:15,877 - aqt.updater - INFO - updater 8876 Patching C:\Qt\6.8.3\msvc2022_64\lib\Qt6QuickControlsTestUtilsd.prl
2026-07-09 18:23:15,881 - aqt.updater - INFO - updater 8876 Patching C:\Qt\6.8.3\msvc2022_64\lib\Qt6Quickd.prl
2026-07-09 18:23:15,885 - aqt.updater - INFO - updater 8876 Patching C:\Qt\6.8.3\msvc2022_64\lib\Qt6QuickDialogs2.prl
2026-07-09 18:23:15,888 - aqt.updater - INFO - updater 8876 Patching C:\Qt\6.8.3\msvc2022_64\lib\Qt6QuickDialogs2d.prl
2026-07-09 18:23:15,891 - aqt.updater - INFO - updater 8876 Patching C:\Qt\6.8.3\msvc2022_64\lib\Qt6QuickDialogs2QuickImpl.prl
2026-07-09 18:23:15,894 - aqt.updater - INFO - updater 8876 Patching C:\Qt\6.8.3\msvc2022_64\lib\Qt6QuickDialogs2QuickImpld.prl
2026-07-09 18:23:15,898 - aqt.updater - INFO - updater 8876 Patching C:\Qt\6.8.3\msvc2022_64\lib\Qt6QuickDialogs2Utils.prl
2026-07-09 18:23:15,901 - aqt.updater - INFO - updater 8876 Patching C:\Qt\6.8.3\msvc2022_64\lib\Qt6QuickDialogs2Utilsd.prl
2026-07-09 18:23:15,904 - aqt.updater - INFO - updater 8876 Patching C:\Qt\6.8.3\msvc2022_64\lib\Qt6QuickEffects.prl
2026-07-09 18:23:15,908 - aqt.updater - INFO - updater 8876 Patching C:\Qt\6.8.3\msvc2022_64\lib\Qt6QuickEffectsd.prl
2026-07-09 18:23:15,911 - aqt.updater - INFO - updater 8876 Patching C:\Qt\6.8.3\msvc2022_64\lib\Qt6QuickLayouts.prl
2026-07-09 18:23:15,915 - aqt.updater - INFO - updater 8876 Patching C:\Qt\6.8.3\msvc2022_64\lib\Qt6QuickLayoutsd.prl
2026-07-09 18:23:15,918 - aqt.updater - INFO - updater 8876 Patching C:\Qt\6.8.3\msvc2022_64\lib\Qt6QuickParticles.prl
2026-07-09 18:23:15,921 - aqt.updater - INFO - updater 8876 Patching C:\Qt\6.8.3\msvc2022_64\lib\Qt6QuickParticlesd.prl
2026-07-09 18:23:15,924 - aqt.updater - INFO - updater 8876 Patching C:\Qt\6.8.3\msvc2022_64\lib\Qt6QuickShapes.prl
2026-07-09 18:23:15,928 - aqt.updater - INFO - updater 8876 Patching C:\Qt\6.8.3\msvc2022_64\lib\Qt6QuickShapesd.prl
2026-07-09 18:23:15,931 - aqt.updater - INFO - updater 8876 Patching C:\Qt\6.8.3\msvc2022_64\lib\Qt6QuickTemplates2.prl
2026-07-09 18:23:15,934 - aqt.updater - INFO - updater 8876 Patching C:\Qt\6.8.3\msvc2022_64\lib\Qt6QuickTemplates2d.prl
2026-07-09 18:23:15,938 - aqt.updater - INFO - updater 8876 Patching C:\Qt\6.8.3\msvc2022_64\lib\Qt6QuickTest.prl
2026-07-09 18:23:15,941 - aqt.updater - INFO - updater 8876 Patching C:\Qt\6.8.3\msvc2022_64\lib\Qt6QuickTestd.prl
2026-07-09 18:23:15,945 - aqt.updater - INFO - updater 8876 Patching C:\Qt\6.8.3\msvc2022_64\lib\Qt6QuickTestUtils.prl
2026-07-09 18:23:15,949 - aqt.updater - INFO - updater 8876 Patching C:\Qt\6.8.3\msvc2022_64\lib\Qt6QuickTestUtilsd.prl
2026-07-09 18:23:15,954 - aqt.updater - INFO - updater 8876 Patching C:\Qt\6.8.3\msvc2022_64\lib\Qt6QuickVectorImage.prl
2026-07-09 18:23:15,959 - aqt.updater - INFO - updater 8876 Patching C:\Qt\6.8.3\msvc2022_64\lib\Qt6QuickVectorImaged.prl
2026-07-09 18:23:15,963 - aqt.updater - INFO - updater 8876 Patching C:\Qt\6.8.3\msvc2022_64\lib\Qt6QuickVectorImageGenerator.prl
2026-07-09 18:23:15,966 - aqt.updater - INFO - updater 8876 Patching C:\Qt\6.8.3\msvc2022_64\lib\Qt6QuickVectorImageGeneratord.prl
2026-07-09 18:23:15,970 - aqt.updater - INFO - updater 8876 Patching C:\Qt\6.8.3\msvc2022_64\lib\Qt6QuickWidgets.prl
2026-07-09 18:23:15,973 - aqt.updater - INFO - updater 8876 Patching C:\Qt\6.8.3\msvc2022_64\lib\Qt6QuickWidgetsd.prl
2026-07-09 18:23:15,977 - aqt.updater - INFO - updater 8876 Patching C:\Qt\6.8.3\msvc2022_64\lib\Qt6Sensors.prl
2026-07-09 18:23:15,980 - aqt.updater - INFO - updater 8876 Patching C:\Qt\6.8.3\msvc2022_64\lib\Qt6Sensorsd.prl
2026-07-09 18:23:15,983 - aqt.updater - INFO - updater 8876 Patching C:\Qt\6.8.3\msvc2022_64\lib\Qt6SensorsQuick.prl
2026-07-09 18:23:15,987 - aqt.updater - INFO - updater 8876 Patching C:\Qt\6.8.3\msvc2022_64\lib\Qt6SensorsQuickd.prl
2026-07-09 18:23:15,990 - aqt.updater - INFO - updater 8876 Patching C:\Qt\6.8.3\msvc2022_64\lib\Qt6SerialPort.prl
2026-07-09 18:23:15,993 - aqt.updater - INFO - updater 8876 Patching C:\Qt\6.8.3\msvc2022_64\lib\Qt6SerialPortd.prl
2026-07-09 18:23:15,997 - aqt.updater - INFO - updater 8876 Patching C:\Qt\6.8.3\msvc2022_64\lib\Qt6ShaderTools.prl
2026-07-09 18:23:16,000 - aqt.updater - INFO - updater 8876 Patching C:\Qt\6.8.3\msvc2022_64\lib\Qt6ShaderToolsd.prl
2026-07-09 18:23:16,004 - aqt.updater - INFO - updater 8876 Patching C:\Qt\6.8.3\msvc2022_64\lib\Qt6SpatialAudio.prl
2026-07-09 18:23:16,008 - aqt.updater - INFO - updater 8876 Patching C:\Qt\6.8.3\msvc2022_64\lib\Qt6SpatialAudiod.prl
2026-07-09 18:23:16,011 - aqt.updater - INFO - updater 8876 Patching C:\Qt\6.8.3\msvc2022_64\lib\Qt6Sql.prl
2026-07-09 18:23:16,014 - aqt.updater - INFO - updater 8876 Patching C:\Qt\6.8.3\msvc2022_64\lib\Qt6Sqld.prl
2026-07-09 18:23:16,018 - aqt.updater - INFO - updater 8876 Patching C:\Qt\6.8.3\msvc2022_64\lib\Qt6Svg.prl
2026-07-09 18:23:16,021 - aqt.updater - INFO - updater 8876 Patching C:\Qt\6.8.3\msvc2022_64\lib\Qt6Svgd.prl
2026-07-09 18:23:16,025 - aqt.updater - INFO - updater 8876 Patching C:\Qt\6.8.3\msvc2022_64\lib\Qt6SvgWidgets.prl
2026-07-09 18:23:16,028 - aqt.updater - INFO - updater 8876 Patching C:\Qt\6.8.3\msvc2022_64\lib\Qt6SvgWidgetsd.prl
2026-07-09 18:23:16,031 - aqt.updater - INFO - updater 8876 Patching C:\Qt\6.8.3\msvc2022_64\lib\Qt6Test.prl
2026-07-09 18:23:16,035 - aqt.updater - INFO - updater 8876 Patching C:\Qt\6.8.3\msvc2022_64\lib\Qt6Testd.prl
2026-07-09 18:23:16,038 - aqt.updater - INFO - updater 8876 Patching C:\Qt\6.8.3\msvc2022_64\lib\Qt6TextToSpeech.prl
2026-07-09 18:23:16,043 - aqt.updater - INFO - updater 8876 Patching C:\Qt\6.8.3\msvc2022_64\lib\Qt6TextToSpeechd.prl
2026-07-09 18:23:16,046 - aqt.updater - INFO - updater 8876 Patching C:\Qt\6.8.3\msvc2022_64\lib\Qt6UiTools.prl
2026-07-09 18:23:16,050 - aqt.updater - INFO - updater 8876 Patching C:\Qt\6.8.3\msvc2022_64\lib\Qt6UiToolsd.prl
2026-07-09 18:23:16,053 - aqt.updater - INFO - updater 8876 Patching C:\Qt\6.8.3\msvc2022_64\lib\Qt6Widgets.prl
2026-07-09 18:23:16,057 - aqt.updater - INFO - updater 8876 Patching C:\Qt\6.8.3\msvc2022_64\lib\Qt6Widgetsd.prl
2026-07-09 18:23:16,060 - aqt.updater - INFO - updater 8876 Patching C:\Qt\6.8.3\msvc2022_64\lib\Qt6Xml.prl
2026-07-09 18:23:16,064 - aqt.updater - INFO - updater 8876 Patching C:\Qt\6.8.3\msvc2022_64\lib\Qt6Xmld.prl
2026-07-09 18:23:16,067 - aqt.main - INFO - installer 8876 Finished installation
2026-07-09 18:23:16,067 - aqt.main - INFO - installer 8876 Time elapsed: 32.53677550 second
